#! /c/Source/iverilog-install/bin/vvp
:ivl_version "12.0 (devel)" "(s20150603-1539-g2693dd32b)";
:ivl_delay_selection "TYPICAL";
:vpi_time_precision + 0;
:vpi_module "C:\iverilog\lib\ivl\system.vpi";
:vpi_module "C:\iverilog\lib\ivl\vhdl_sys.vpi";
:vpi_module "C:\iverilog\lib\ivl\vhdl_textio.vpi";
:vpi_module "C:\iverilog\lib\ivl\v2005_math.vpi";
:vpi_module "C:\iverilog\lib\ivl\va_math.vpi";
S_000001ea01ba6890 .scope module, "tb_operators" "tb_operators" 2 1;
 .timescale 0 0;
v000001ea01b51580_0 .var "a", 1 0;
v000001ea01b5cde0_0 .var "b", 1 0;
    .scope S_000001ea01ba6890;
T_0 ;
    %pushi/vec4 1, 0, 2;
    %store/vec4 v000001ea01b51580_0, 0, 2;
    %pushi/vec4 2, 0, 2;
    %store/vec4 v000001ea01b5cde0_0, 0, 2;
    %load/vec4 v000001ea01b5cde0_0;
    %load/vec4 v000001ea01b51580_0;
    %cmp/u;
    %jmp/0xz  T_0.0, 5;
    %vpi_call 2 11 "$display", "a maior b" {0 0 0};
T_0.0 ;
    %load/vec4 v000001ea01b51580_0;
    %load/vec4 v000001ea01b5cde0_0;
    %cmp/u;
    %jmp/0xz  T_0.2, 5;
    %vpi_call 2 13 "$display", "a menor b" {0 0 0};
T_0.2 ;
    %load/vec4 v000001ea01b5cde0_0;
    %load/vec4 v000001ea01b51580_0;
    %cmp/u;
    %flag_or 5, 4;
    %jmp/0xz  T_0.4, 5;
    %vpi_call 2 15 "$display", "a maior igual b" {0 0 0};
T_0.4 ;
    %load/vec4 v000001ea01b51580_0;
    %load/vec4 v000001ea01b5cde0_0;
    %cmp/u;
    %flag_or 5, 4;
    %jmp/0xz  T_0.6, 5;
    %vpi_call 2 17 "$display", "a menor igual b" {0 0 0};
T_0.6 ;
    %load/vec4 v000001ea01b51580_0;
    %load/vec4 v000001ea01b5cde0_0;
    %cmp/e;
    %jmp/0xz  T_0.8, 4;
    %vpi_call 2 19 "$display", "a igual b" {0 0 0};
T_0.8 ;
    %load/vec4 v000001ea01b51580_0;
    %load/vec4 v000001ea01b5cde0_0;
    %cmp/ne;
    %jmp/0xz  T_0.10, 4;
    %vpi_call 2 21 "$display", "a diferente b" {0 0 0};
T_0.10 ;
    %vpi_call 2 22 "$finish" {0 0 0};
    %end;
    .thread T_0;
# The file index is used to find the file name in the following table.
:file_names 3;
    "N/A";
    "<interactive>";
    "0003_tb_operadores_1.sv";
